  [1m[36mActiveRecord::SchemaMigration Load (0.2ms)[0m  [1mSELECT "schema_migrations".* FROM "schema_migrations"[0m
Migrating to CreateNotes (20140106005001)
  [1m[35m (0.1ms)[0m  begin transaction
  [1m[36m (0.7ms)[0m  [1mCREATE TABLE "notes" ("id" INTEGER PRIMARY KEY AUTOINCREMENT NOT NULL, "title" varchar(255), "body" text, "created_at" datetime, "updated_at" datetime) [0m
  [1m[35mSQL (0.3ms)[0m  INSERT INTO "schema_migrations" ("version") VALUES (?)  [["version", "20140106005001"]]
  [1m[36m (1.1ms)[0m  [1mcommit transaction[0m
  [1m[35mActiveRecord::SchemaMigration Load (0.1ms)[0m  SELECT "schema_migrations".* FROM "schema_migrations"


Started GET "/" for 127.0.0.1 at 2014-01-05 17:01:06 -0800
  [1m[36mActiveRecord::SchemaMigration Load (0.2ms)[0m  [1mSELECT "schema_migrations".* FROM "schema_migrations"[0m
Processing by PagesController#home as HTML
  Rendered pages/home.html.erb within layouts/application (16.9ms)
  Rendered layouts/_header.html.erb (3.2ms)
Completed 200 OK in 4915ms (Views: 4878.8ms | ActiveRecord: 0.0ms)


Started GET "/assets/bootstrap_and_customization.css?body=1" for 127.0.0.1 at 2014-01-05 17:01:12 -0800


Started GET "/assets/bootstrap/affix.js?body=1" for 127.0.0.1 at 2014-01-05 17:01:12 -0800


Started GET "/assets/bootstrap/alert.js?body=1" for 127.0.0.1 at 2014-01-05 17:01:12 -0800


Started GET "/assets/notes.css?body=1" for 127.0.0.1 at 2014-01-05 17:01:12 -0800


Started GET "/assets/application.css?body=1" for 127.0.0.1 at 2014-01-05 17:01:12 -0800


Started GET "/assets/pages.css?body=1" for 127.0.0.1 at 2014-01-05 17:01:12 -0800


Started GET "/assets/bootstrap/button.js?body=1" for 127.0.0.1 at 2014-01-05 17:01:12 -0800


Started GET "/assets/bootstrap/dropdown.js?body=1" for 127.0.0.1 at 2014-01-05 17:01:12 -0800


Started GET "/assets/bootstrap/carousel.js?body=1" for 127.0.0.1 at 2014-01-05 17:01:12 -0800


Started GET "/assets/bootstrap/collapse.js?body=1" for 127.0.0.1 at 2014-01-05 17:01:12 -0800


Started GET "/assets/bootstrap/tab.js?body=1" for 127.0.0.1 at 2014-01-05 17:01:12 -0800


Started GET "/assets/bootstrap/transition.js?body=1" for 127.0.0.1 at 2014-01-05 17:01:12 -0800


Started GET "/assets/bootstrap/scrollspy.js?body=1" for 127.0.0.1 at 2014-01-05 17:01:12 -0800


Started GET "/assets/jquery.js?body=1" for 127.0.0.1 at 2014-01-05 17:01:12 -0800


Started GET "/assets/jquery_ujs.js?body=1" for 127.0.0.1 at 2014-01-05 17:01:12 -0800


Started GET "/assets/bootstrap/modal.js?body=1" for 127.0.0.1 at 2014-01-05 17:01:13 -0800


Started GET "/assets/bootstrap/tooltip.js?body=1" for 127.0.0.1 at 2014-01-05 17:01:13 -0800


Started GET "/assets/bootstrap/popover.js?body=1" for 127.0.0.1 at 2014-01-05 17:01:13 -0800


Started GET "/assets/bootstrap.js?body=1" for 127.0.0.1 at 2014-01-05 17:01:13 -0800


Started GET "/assets/pages.js?body=1" for 127.0.0.1 at 2014-01-05 17:01:13 -0800


Started GET "/assets/notes.js?body=1" for 127.0.0.1 at 2014-01-05 17:01:13 -0800


Started GET "/assets/turbolinks.js?body=1" for 127.0.0.1 at 2014-01-05 17:01:13 -0800


Started GET "/assets/application.js?body=1" for 127.0.0.1 at 2014-01-05 17:01:13 -0800


Started GET "/users/sign_in" for 127.0.0.1 at 2014-01-05 17:01:16 -0800
Processing by Devise::SessionsController#new as HTML
  Rendered devise/shared/_links.erb (2.0ms)
  Rendered devise/sessions/new.html.erb within layouts/application (190.3ms)
  Rendered layouts/_header.html.erb (1.4ms)
Completed 200 OK in 273ms (Views: 229.4ms | ActiveRecord: 0.6ms)


Started POST "/users/sign_in" for 127.0.0.1 at 2014-01-05 17:01:23 -0800
Processing by Devise::SessionsController#create as HTML
  Parameters: {"utf8"=>"✓", "authenticity_token"=>"6nFIDTAFqArMdp+7ccU7b6q0RyI5dDKM/xK4fKYKyY4=", "user"=>{"email"=>"amulp84@gmail.com", "password"=>"[FILTERED]", "remember_me"=>"0"}, "commit"=>"Sign in"}
  [1m[35mUser Load (0.4ms)[0m  SELECT "users".* FROM "users" WHERE "users"."email" = 'amulp84@gmail.com' ORDER BY "users"."id" ASC LIMIT 1
Completed 401 Unauthorized in 124ms
Processing by Devise::SessionsController#new as HTML
  Parameters: {"utf8"=>"✓", "authenticity_token"=>"6nFIDTAFqArMdp+7ccU7b6q0RyI5dDKM/xK4fKYKyY4=", "user"=>{"email"=>"amulp84@gmail.com", "password"=>"[FILTERED]", "remember_me"=>"0"}, "commit"=>"Sign in"}
  Rendered devise/shared/_links.erb (0.6ms)
  Rendered devise/sessions/new.html.erb within layouts/application (4.9ms)
  Rendered layouts/_header.html.erb (0.5ms)
Completed 200 OK in 136ms (Views: 65.2ms | ActiveRecord: 0.0ms)


Started POST "/users/sign_in" for 127.0.0.1 at 2014-01-05 17:01:28 -0800
Processing by Devise::SessionsController#create as HTML
  Parameters: {"utf8"=>"✓", "authenticity_token"=>"6nFIDTAFqArMdp+7ccU7b6q0RyI5dDKM/xK4fKYKyY4=", "user"=>{"email"=>"amulp84@gmail.com", "password"=>"[FILTERED]", "remember_me"=>"0"}, "commit"=>"Sign in"}
  [1m[36mUser Load (0.4ms)[0m  [1mSELECT "users".* FROM "users" WHERE "users"."email" = 'amulp84@gmail.com' ORDER BY "users"."id" ASC LIMIT 1[0m
Completed 401 Unauthorized in 72ms
Processing by Devise::SessionsController#new as HTML
  Parameters: {"utf8"=>"✓", "authenticity_token"=>"6nFIDTAFqArMdp+7ccU7b6q0RyI5dDKM/xK4fKYKyY4=", "user"=>{"email"=>"amulp84@gmail.com", "password"=>"[FILTERED]", "remember_me"=>"0"}, "commit"=>"Sign in"}
  Rendered devise/shared/_links.erb (0.6ms)
  Rendered devise/sessions/new.html.erb within layouts/application (5.3ms)
  Rendered layouts/_header.html.erb (0.5ms)
Completed 200 OK in 99ms (Views: 27.5ms | ActiveRecord: 0.0ms)


Started POST "/users/sign_in" for 127.0.0.1 at 2014-01-05 17:01:34 -0800
Processing by Devise::SessionsController#create as HTML
  Parameters: {"utf8"=>"✓", "authenticity_token"=>"6nFIDTAFqArMdp+7ccU7b6q0RyI5dDKM/xK4fKYKyY4=", "user"=>{"email"=>"amulp84@gmail.com", "password"=>"[FILTERED]", "remember_me"=>"0"}, "commit"=>"Sign in"}
  [1m[35mUser Load (0.4ms)[0m  SELECT "users".* FROM "users" WHERE "users"."email" = 'amulp84@gmail.com' ORDER BY "users"."id" ASC LIMIT 1
Completed 401 Unauthorized in 71ms
Processing by Devise::SessionsController#new as HTML
  Parameters: {"utf8"=>"✓", "authenticity_token"=>"6nFIDTAFqArMdp+7ccU7b6q0RyI5dDKM/xK4fKYKyY4=", "user"=>{"email"=>"amulp84@gmail.com", "password"=>"[FILTERED]", "remember_me"=>"0"}, "commit"=>"Sign in"}
  Rendered devise/shared/_links.erb (0.5ms)
  Rendered devise/sessions/new.html.erb within layouts/application (4.4ms)
  Rendered layouts/_header.html.erb (0.3ms)
Completed 200 OK in 87ms (Views: 17.3ms | ActiveRecord: 0.0ms)


Started POST "/users/sign_in" for 127.0.0.1 at 2014-01-05 17:01:38 -0800
Processing by Devise::SessionsController#create as HTML
  Parameters: {"utf8"=>"✓", "authenticity_token"=>"6nFIDTAFqArMdp+7ccU7b6q0RyI5dDKM/xK4fKYKyY4=", "user"=>{"email"=>"amulp84@gmail.com", "password"=>"[FILTERED]", "remember_me"=>"0"}, "commit"=>"Sign in"}
  [1m[36mUser Load (0.4ms)[0m  [1mSELECT "users".* FROM "users" WHERE "users"."email" = 'amulp84@gmail.com' ORDER BY "users"."id" ASC LIMIT 1[0m
  [1m[35m (0.2ms)[0m  begin transaction
  [1m[36mSQL (61.7ms)[0m  [1mUPDATE "users" SET "last_sign_in_at" = ?, "current_sign_in_at" = ?, "sign_in_count" = ?, "updated_at" = ? WHERE "users"."id" = 1[0m  [["last_sign_in_at", Sat, 04 Jan 2014 04:27:02 UTC +00:00], ["current_sign_in_at", Mon, 06 Jan 2014 01:01:38 UTC +00:00], ["sign_in_count", 4], ["updated_at", Mon, 06 Jan 2014 01:01:38 UTC +00:00]]
  [1m[35m (0.9ms)[0m  commit transaction
Redirected to http://localhost:3000/
Completed 302 Found in 155ms (ActiveRecord: 63.1ms)


Started GET "/" for 127.0.0.1 at 2014-01-05 17:01:38 -0800
Processing by PagesController#home as HTML
  [1m[36mUser Load (0.4ms)[0m  [1mSELECT "users".* FROM "users" WHERE "users"."id" = 1 ORDER BY "users"."id" ASC LIMIT 1[0m
  Rendered pages/home.html.erb within layouts/application (2.2ms)
  Rendered layouts/_header.html.erb (0.6ms)
Completed 200 OK in 17ms (Views: 15.8ms | ActiveRecord: 0.4ms)


Started GET "/users/edit" for 127.0.0.1 at 2014-01-05 17:01:41 -0800
Processing by Devise::RegistrationsController#edit as HTML
  [1m[35mUser Load (0.4ms)[0m  SELECT "users".* FROM "users" WHERE "users"."id" = 1 ORDER BY "users"."id" ASC LIMIT 1
  Rendered devise/registrations/edit.html.erb within layouts/application (6.1ms)
  Rendered layouts/_header.html.erb (1.3ms)
Completed 200 OK in 47ms (Views: 43.7ms | ActiveRecord: 0.4ms)


Started GET "/about" for 127.0.0.1 at 2014-01-05 17:01:44 -0800
Processing by PagesController#about as HTML
  Rendered pages/about.html.erb within layouts/application (0.6ms)
  [1m[36mUser Load (0.4ms)[0m  [1mSELECT "users".* FROM "users" WHERE "users"."id" = 1 ORDER BY "users"."id" ASC LIMIT 1[0m
  Rendered layouts/_header.html.erb (2.7ms)
Completed 200 OK in 33ms (Views: 31.4ms | ActiveRecord: 0.4ms)


Started GET "/" for 127.0.0.1 at 2014-01-05 17:01:46 -0800
Processing by PagesController#home as HTML
  [1m[35mUser Load (0.3ms)[0m  SELECT "users".* FROM "users" WHERE "users"."id" = 1 ORDER BY "users"."id" ASC LIMIT 1
  Rendered pages/home.html.erb within layouts/application (2.5ms)
  Rendered layouts/_header.html.erb (0.6ms)
Completed 200 OK in 17ms (Views: 15.7ms | ActiveRecord: 0.3ms)


Started DELETE "/users/sign_out" for 127.0.0.1 at 2014-01-05 17:01:52 -0800
Processing by Devise::SessionsController#destroy as HTML
  Parameters: {"authenticity_token"=>"LTUL7DBsyxBIVUcZlz2g+daX2Rt5k7sEdH9OQXGtDJY="}
  [1m[36mUser Load (0.3ms)[0m  [1mSELECT "users".* FROM "users" WHERE "users"."id" = 1 ORDER BY "users"."id" ASC LIMIT 1[0m
  [1m[35m (0.1ms)[0m  begin transaction
  [1m[36m (0.1ms)[0m  [1mcommit transaction[0m
Redirected to http://localhost:3000/
Completed 302 Found in 29ms (ActiveRecord: 0.6ms)


Started GET "/" for 127.0.0.1 at 2014-01-05 17:01:52 -0800
Processing by PagesController#home as HTML
  Rendered pages/home.html.erb within layouts/application (1.5ms)
  Rendered layouts/_header.html.erb (1.1ms)
Completed 200 OK in 16ms (Views: 15.1ms | ActiveRecord: 0.0ms)


Started GET "/" for 127.0.0.1 at 2014-01-05 17:01:55 -0800
Processing by PagesController#home as HTML
  Rendered pages/home.html.erb within layouts/application (1.4ms)
  Rendered layouts/_header.html.erb (1.1ms)
Completed 200 OK in 16ms (Views: 14.6ms | ActiveRecord: 0.0ms)
